0 info it worked if it ends with ok
1 verbose cli [ '/usr/local/Cellar/node/0.8.18/bin/node',
1 verbose cli   '/usr/local/bin/npm',
1 verbose cli   'install' ]
2 info using npm@1.2.2
3 info using node@v0.8.18
4 verbose read json /Users/grazianostatello/Sites/Gestione_Colletta_Yeoman/package.json
5 warn package.json gestione-colletta-yeoman@0.0.0 No README.md file found!
6 verbose readDependencies using package.json deps
7 verbose install where, deps [ '/Users/grazianostatello/Sites/Gestione_Colletta_Yeoman',
7 verbose install   [ 'grunt',
7 verbose install     'grunt-contrib-copy',
7 verbose install     'grunt-contrib-concat',
7 verbose install     'grunt-contrib-coffee',
7 verbose install     'grunt-contrib-uglify',
7 verbose install     'grunt-contrib-compass',
7 verbose install     'grunt-contrib-jshint',
7 verbose install     'grunt-contrib-cssmin',
7 verbose install     'grunt-contrib-connect',
7 verbose install     'grunt-contrib-clean',
7 verbose install     'grunt-contrib-htmlmin',
7 verbose install     'grunt-contrib-imagemin',
7 verbose install     'grunt-contrib-livereload',
7 verbose install     'grunt-bower-requirejs',
7 verbose install     'grunt-usemin',
7 verbose install     'grunt-regarde',
7 verbose install     'grunt-rev',
7 verbose install     'grunt-karma',
7 verbose install     'grunt-open',
7 verbose install     'matchdep',
7 verbose install     'grunt-google-cdn',
7 verbose install     'grunt-ngmin' ] ]
8 verbose from cache /Users/grazianostatello/Sites/Gestione_Colletta_Yeoman/package.json
9 info preinstall gestione-colletta-yeoman@0.0.0
10 verbose from cache /Users/grazianostatello/Sites/Gestione_Colletta_Yeoman/package.json
11 verbose readDependencies using package.json deps
12 verbose cache add [ 'grunt@~0.4.1', null ]
13 verbose cache add name=undefined spec="grunt@~0.4.1" args=["grunt@~0.4.1",null]
14 verbose parsed url { pathname: 'grunt@~0.4.1',
14 verbose parsed url   path: 'grunt@~0.4.1',
14 verbose parsed url   href: 'grunt@~0.4.1' }
15 verbose cache add name="grunt" spec="~0.4.1" args=["grunt","~0.4.1"]
16 verbose parsed url { pathname: '~0.4.1', path: '~0.4.1', href: '~0.4.1' }
17 verbose addNamed [ 'grunt', '~0.4.1' ]
18 verbose addNamed [ null, '>=0.4.1- <0.5.0-' ]
19 verbose cache add [ 'grunt-contrib-copy@~0.4.0', null ]
20 verbose cache add name=undefined spec="grunt-contrib-copy@~0.4.0" args=["grunt-contrib-copy@~0.4.0",null]
21 verbose parsed url { pathname: 'grunt-contrib-copy@~0.4.0',
21 verbose parsed url   path: 'grunt-contrib-copy@~0.4.0',
21 verbose parsed url   href: 'grunt-contrib-copy@~0.4.0' }
22 verbose cache add name="grunt-contrib-copy" spec="~0.4.0" args=["grunt-contrib-copy","~0.4.0"]
23 verbose parsed url { pathname: '~0.4.0', path: '~0.4.0', href: '~0.4.0' }
24 verbose addNamed [ 'grunt-contrib-copy', '~0.4.0' ]
25 verbose addNamed [ null, '>=0.4.0- <0.5.0-' ]
26 silly lockFile 766a3bd3-grunt-0-4-1 grunt@~0.4.1
27 verbose lock grunt@~0.4.1 /Users/grazianostatello/.npm/766a3bd3-grunt-0-4-1.lock
28 silly lockFile 01f63aba-grunt-contrib-copy-0-4-0 grunt-contrib-copy@~0.4.0
29 verbose lock grunt-contrib-copy@~0.4.0 /Users/grazianostatello/.npm/01f63aba-grunt-contrib-copy-0-4-0.lock
30 silly lockFile 766a3bd3-grunt-0-4-1 grunt@~0.4.1
31 silly lockFile 01f63aba-grunt-contrib-copy-0-4-0 grunt-contrib-copy@~0.4.0
32 error Error: EACCES, open '/Users/grazianostatello/.npm/766a3bd3-grunt-0-4-1.lock'
32 error  { [Error: EACCES, open '/Users/grazianostatello/.npm/766a3bd3-grunt-0-4-1.lock']
32 error   errno: 3,
32 error   code: 'EACCES',
32 error   path: '/Users/grazianostatello/.npm/766a3bd3-grunt-0-4-1.lock' }
33 error Please try running this command again as root/Administrator.
34 error System Darwin 12.3.0
35 error command "/usr/local/Cellar/node/0.8.18/bin/node" "/usr/local/bin/npm" "install"
36 error cwd /Users/grazianostatello/Sites/Gestione_Colletta_Yeoman
37 error node -v v0.8.18
38 error npm -v 1.2.2
39 error path /Users/grazianostatello/.npm/766a3bd3-grunt-0-4-1.lock
40 error code EACCES
41 error errno 3
42 error stack Error: EACCES, open '/Users/grazianostatello/.npm/766a3bd3-grunt-0-4-1.lock'
43 verbose exit [ 3, true ]
